<?xml version="1.0" encoding="UTF-8"?>
<testsuite name="RecursionTest" tests="1" skipped="0" failures="0" errors="0" timestamp="2021-10-19T15:56:33" hostname="JohnPoosMacbook" time="0.082">
  <properties/>
  <testcase name="removeAllInstancesOfItemFromListTest()" classname="RecursionTest" time="0.082"/>
  <system-out><![CDATA[]]></system-out>
  <system-err><![CDATA[Oct 19, 2021 4:56:33 PM Recursion removeAllInstancesOfItemFromList
INFO: shrink the list!
Oct 19, 2021 4:56:33 PM Recursion removeItemFromList
INFO: recursion!
Oct 19, 2021 4:56:33 PM Recursion removeItemFromList
INFO: found it!
Oct 19, 2021 4:56:33 PM Recursion removeAllInstancesOfItemFromList
INFO: list is now: [boots, new, and, new, panties, new]
Oct 19, 2021 4:56:33 PM Recursion removeAllInstancesOfItemFromList
INFO: shrink the list!
Oct 19, 2021 4:56:33 PM Recursion removeItemFromList
INFO: recursion!
Oct 19, 2021 4:56:33 PM Recursion removeItemFromList
INFO: not the one
Oct 19, 2021 4:56:33 PM Recursion removeItemFromList
INFO: recursion!
Oct 19, 2021 4:56:33 PM Recursion removeItemFromList
INFO: found it!
Oct 19, 2021 4:56:33 PM Recursion removeAllInstancesOfItemFromList
INFO: list is now: [boots, and, new, panties, new]
Oct 19, 2021 4:56:33 PM Recursion removeAllInstancesOfItemFromList
INFO: shrink the list!
Oct 19, 2021 4:56:33 PM Recursion removeItemFromList
INFO: recursion!
Oct 19, 2021 4:56:33 PM Recursion removeItemFromList
INFO: not the one
Oct 19, 2021 4:56:33 PM Recursion removeItemFromList
INFO: recursion!
Oct 19, 2021 4:56:33 PM Recursion removeItemFromList
INFO: not the one
Oct 19, 2021 4:56:33 PM Recursion removeItemFromList
INFO: recursion!
Oct 19, 2021 4:56:33 PM Recursion removeItemFromList
INFO: found it!
Oct 19, 2021 4:56:33 PM Recursion removeAllInstancesOfItemFromList
INFO: list is now: [boots, and, panties, new]
Oct 19, 2021 4:56:33 PM Recursion removeAllInstancesOfItemFromList
INFO: shrink the list!
Oct 19, 2021 4:56:33 PM Recursion removeItemFromList
INFO: recursion!
Oct 19, 2021 4:56:33 PM Recursion removeItemFromList
INFO: not the one
Oct 19, 2021 4:56:33 PM Recursion removeItemFromList
INFO: recursion!
Oct 19, 2021 4:56:33 PM Recursion removeItemFromList
INFO: not the one
Oct 19, 2021 4:56:33 PM Recursion removeItemFromList
INFO: recursion!
Oct 19, 2021 4:56:33 PM Recursion removeItemFromList
INFO: not the one
Oct 19, 2021 4:56:33 PM Recursion removeItemFromList
INFO: recursion!
Oct 19, 2021 4:56:33 PM Recursion removeItemFromList
INFO: found it!
Oct 19, 2021 4:56:33 PM Recursion removeAllInstancesOfItemFromList
INFO: list is now: [boots, and, panties]
Oct 19, 2021 4:56:33 PM Recursion removeAllInstancesOfItemFromList
INFO: shrink the list!
Oct 19, 2021 4:56:33 PM Recursion removeItemFromList
INFO: recursion!
Oct 19, 2021 4:56:33 PM Recursion removeItemFromList
INFO: not the one
Oct 19, 2021 4:56:33 PM Recursion removeItemFromList
INFO: recursion!
Oct 19, 2021 4:56:33 PM Recursion removeItemFromList
INFO: not the one
Oct 19, 2021 4:56:33 PM Recursion removeItemFromList
INFO: recursion!
Oct 19, 2021 4:56:33 PM Recursion removeItemFromList
INFO: not the one
Oct 19, 2021 4:56:33 PM Recursion removeItemFromList
INFO: recursion!
Oct 19, 2021 4:56:33 PM Recursion removeAllInstancesOfItemFromList
INFO: list is now: [boots, and, panties]
]]></system-err>
</testsuite>
